This is pdfTeX, Version 3.14159265-2.6-1.40.21 (TeX Live 2020) (preloaded format=pdflatex 2020.7.28)  7 AUG 2020 13:10
entering extended mode
 restricted \write18 enabled.
 file:line:error style messages enabled.
 %&-line parsing enabled.
**/Users/ryusuke/Downloads/Latex/ç¢ºç‡è«–/final.tex
(/Users/ryusuke/Downloads/Latex/ç¢ºç‡è«–/final.tex
LaTeX2e <2020-02-02> patch level 5
L3 programming layer <2020-03-06> (/usr/local/texlive/2020/texmf-dist/tex/platex/jsclasses/jsarticle.cls

/usr/local/texlive/2020/texmf-dist/tex/platex/jsclasses/jsarticle.cls:26: LaTeX Error: This file needs format `pLaTeX2e'
               but this is `LaTeX2e'.

See the LaTeX manual or LaTeX Companion for explanation.
Type  H <return>  for immediate help.
 ...                                              
                                                  
l.26 \NeedsTeXFormat{pLaTeX2e}
                              
The current input file will not be processed further,
because it was written for some other flavor of TeX.
You're in trouble here.  Try typing  <return>  to proceed.
If that doesn't work, type  X <return>  to quit.

) (/usr/local/texlive/2020/texmf-dist/tex/latex/amsmath/amsmath.sty
Package: amsmath 2020/01/20 v2.17e AMS math features
\@mathmargin=\skip47

For additional information on amsmath, use the `?' option.
(/usr/local/texlive/2020/texmf-dist/tex/latex/amsmath/amstext.sty
Package: amstext 2000/06/29 v2.01 AMS text
 (/usr/local/texlive/2020/texmf-dist/tex/latex/amsmath/amsgen.sty
File: amsgen.sty 1999/11/30 v2.0 generic functions
\@emptytoks=\toks15
\ex@=\dimen134
)) (/usr/local/texlive/2020/texmf-dist/tex/latex/amsmath/amsbsy.sty
Package: amsbsy 1999/11/29 v1.2d Bold Symbols
\pmbraise@=\dimen135
) (/usr/local/texlive/2020/texmf-dist/tex/latex/amsmath/amsopn.sty
Package: amsopn 2016/03/08 v2.02 operator names
)
\inf@bad=\count167
LaTeX Info: Redefining \frac on input line 227.
\uproot@=\count168
\leftroot@=\count169
LaTeX Info: Redefining \overline on input line 389.
\classnum@=\count170
\DOTSCASE@=\count171
LaTeX Info: Redefining \ldots on input line 486.
LaTeX Info: Redefining \dots on input line 489.
LaTeX Info: Redefining \cdots on input line 610.
\Mathstrutbox@=\box45
\strutbox@=\box46
\big@size=\dimen136
LaTeX Font Info:    Redeclaring font encoding OML on input line 733.
LaTeX Font Info:    Redeclaring font encoding OMS on input line 734.
\macc@depth=\count172
\c@MaxMatrixCols=\count173
\dotsspace@=\muskip16
\c@parentequation=\count174
\dspbrk@lvl=\count175
\tag@help=\toks16
\row@=\count176
\column@=\count177
\maxfields@=\count178
\andhelp@=\toks17
\eqnshift@=\dimen137
\alignsep@=\dimen138
\tagshift@=\dimen139
\tagwidth@=\dimen140
\totwidth@=\dimen141
\lineht@=\dimen142
\@envbody=\toks18
\multlinegap=\skip48
\multlinetaggap=\skip49
\mathdisplay@stack=\toks19
LaTeX Info: Redefining \[ on input line 2859.
LaTeX Info: Redefining \] on input line 2860.
) (/usr/local/texlive/2020/texmf-dist/tex/latex/amsfonts/amssymb.sty
Package: amssymb 2013/01/14 v3.01 AMS font symbols
 (/usr/local/texlive/2020/texmf-dist/tex/latex/amsfonts/amsfonts.sty
Package: amsfonts 2013/01/14 v3.01 Basic AMSFonts support
\symAMSa=\mathgroup4
\symAMSb=\mathgroup5
LaTeX Font Info:    Redeclaring math symbol \hbar on input line 98.
LaTeX Font Info:    Overwriting math alphabet `\mathfrak' in version `bold'
(Font)                  U/euf/m/n --> U/euf/b/n on input line 106.
)) (/usr/local/texlive/2020/texmf-dist/tex/latex/ascmac/ascmac.sty
Package: ascmac 2020/01/15 v2.1 ascmac wrapper (community edition) 
 (/usr/local/texlive/2020/texmf-dist/tex/latex/ascmac/tascmac.sty
Package: tascmac 2020/01/15 v2.1 ascmac package (community edition) 
Package tascmac Info: Assuming pdfLaTeX, XeLaTeX or LuaLaTeX on input line 44.
\scb@x=\box47
\scscb@x=\box48
\@bw=\dimen143
\@nbox=\box49
\@nbody=\box50
\@scw=\dimen144
\ascmac@hoboxa=\box51
\ascmac@hoboxb=\box52
\@itemh=\dimen145
\@iboxpos=\toks20
\@iboxstr=\box53
\@bwsp=\box54
\@@bwsp=\box55
\@bcal=\count179
\shaderule=\dimen146
)) (/usr/local/texlive/2020/texmf-dist/tex/latex/l3backend/l3backend-pdfmode.def
File: l3backend-pdfmode.def 2020-03-12 L3 backend support: PDF mode
\l__kernel_color_stack_int=\count180
\l__pdf_internal_box=\box56
) (/Users/ryusuke/Downloads/Latex/ç¢ºç‡è«–/final.aux)
\openout1 = `final.aux'.

LaTeX Font Info:    Checking defaults for OML/cmm/m/it on input line 8.
LaTeX Font Info:    ... okay on input line 8.
LaTeX Font Info:    Checking defaults for OMS/cmsy/m/n on input line 8.
LaTeX Font Info:    ... okay on input line 8.
LaTeX Font Info:    Checking defaults for OT1/cmr/m/n on input line 8.
LaTeX Font Info:    ... okay on input line 8.
LaTeX Font Info:    Checking defaults for T1/cmr/m/n on input line 8.
LaTeX Font Info:    ... okay on input line 8.
LaTeX Font Info:    Checking defaults for TS1/cmr/m/n on input line 8.
LaTeX Font Info:    ... okay on input line 8.
LaTeX Font Info:    Checking defaults for OMX/cmex/m/n on input line 8.
LaTeX Font Info:    ... okay on input line 8.
LaTeX Font Info:    Checking defaults for U/cmr/m/n on input line 8.
LaTeX Font Info:    ... okay on input line 8.


/Users/ryusuke/Downloads/Latex/ç¢ºç‡è«–/final.tex:8: LaTeX Error: The font size command \normalsize is not defined:
               there is probably something wrong with the class file.

See the LaTeX manual or LaTeX Companion for explanation.
Type  H <return>  for immediate help.
 ...                                              
                                                  
l.8 \begin{document}
                    
Your command was ignored.
Type  I <command> <return>  to replace it with another command,
or  <return>  to continue without it.

/Users/ryusuke/Downloads/Latex/ç¢ºç‡è«–/final.tex:10: Undefined control sequence.
l.10 \maketitle
               
The control sequence at the end of the top line
of your error message was never \def'ed. If you have
misspelled it (e.g., `\hobx'), type `I' and the correct
spelling (e.g., `I\hbox'). Otherwise just continue,
and I'll forget about whatever was undefined.


/Users/ryusuke/Downloads/Latex/ç¢ºç‡è«–/final.tex:15: Package inputenc Error: Unicode character æ¬¡ (U+6B21)
(inputenc)                not set up for use with LaTeX.

See the inputenc package documentation for explanation.
Type  H <return>  for immediate help.
 ...                                              
                                                  
l.15 æ¬¡
        ã®å•é¡Œã‚’è§£ãï¼Œè§£ç­”éç¨‹ã‚’ç¤ºã—ãŸãƒ¬ãƒãƒ¼ãƒˆã‚’æå‡ºã...
You may provide a definition with
\DeclareUnicodeCharacter 


/Users/ryusuke/Downloads/Latex/ç¢ºç‡è«–/final.tex:15: Package inputenc Error: Unicode character ã® (U+306E)
(inputenc)                not set up for use with LaTeX.

See the inputenc package documentation for explanation.
Type  H <return>  for immediate help.
 ...                                              
                                                  
l.15 æ¬¡ã®
           å•é¡Œã‚’è§£ãï¼Œè§£ç­”éç¨‹ã‚’ç¤ºã—ãŸãƒ¬ãƒãƒ¼ãƒˆã‚’æå‡ºã...
You may provide a definition with
\DeclareUnicodeCharacter 


/Users/ryusuke/Downloads/Latex/ç¢ºç‡è«–/final.tex:15: Package inputenc Error: Unicode character å• (U+554F)
(inputenc)                not set up for use with LaTeX.

See the inputenc package documentation for explanation.
Type  H <return>  for immediate help.
 ...                                              
                                                  
l.15 æ¬¡ã®å•
              é¡Œã‚’è§£ãï¼Œè§£ç­”éç¨‹ã‚’ç¤ºã—ãŸãƒ¬ãƒãƒ¼ãƒˆã‚’æå‡ºã...
You may provide a definition with
\DeclareUnicodeCharacter 


/Users/ryusuke/Downloads/Latex/ç¢ºç‡è«–/final.tex:15: Package inputenc Error: Unicode character é¡Œ (U+984C)
(inputenc)                not set up for use with LaTeX.

See the inputenc package documentation for explanation.
Type  H <return>  for immediate help.
 ...                                              
                                                  
l.15 æ¬¡ã®å•é¡Œ
                 ã‚’è§£ãï¼Œè§£ç­”éç¨‹ã‚’ç¤ºã—ãŸãƒ¬ãƒãƒ¼ãƒˆã‚’æå‡ºã...
You may provide a definition with
\DeclareUnicodeCharacter 


/Users/ryusuke/Downloads/Latex/ç¢ºç‡è«–/final.tex:15: Package inputenc Error: Unicode character ã‚’ (U+3092)
(inputenc)                not set up for use with LaTeX.

See the inputenc package documentation for explanation.
Type  H <return>  for immediate help.
 ...                                              
                                                  
l.15 æ¬¡ã®å•é¡Œã‚’
                    è§£ãï¼Œè§£ç­”éç¨‹ã‚’ç¤ºã—ãŸãƒ¬ãƒãƒ¼ãƒˆã‚’æå‡ºã...
You may provide a definition with
\DeclareUnicodeCharacter 


/Users/ryusuke/Downloads/Latex/ç¢ºç‡è«–/final.tex:15: Package inputenc Error: Unicode character è§£ (U+89E3)
(inputenc)                not set up for use with LaTeX.

See the inputenc package documentation for explanation.
Type  H <return>  for immediate help.
 ...                                              
                                                  
l.15 æ¬¡ã®å•é¡Œã‚’è§£
                       ãï¼Œè§£ç­”éç¨‹ã‚’ç¤ºã—ãŸãƒ¬ãƒãƒ¼ãƒˆã‚’æå‡ºã...
You may provide a definition with
\DeclareUnicodeCharacter 


/Users/ryusuke/Downloads/Latex/ç¢ºç‡è«–/final.tex:15: Package inputenc Error: Unicode character ã (U+304D)
(inputenc)                not set up for use with LaTeX.

See the inputenc package documentation for explanation.
Type  H <return>  for immediate help.
 ...                                              
                                                  
l.15 æ¬¡ã®å•é¡Œã‚’è§£ã
                          ï¼Œè§£ç­”éç¨‹ã‚’ç¤ºã—ãŸãƒ¬ãƒãƒ¼ãƒˆã‚’æå‡ºã...
You may provide a definition with
\DeclareUnicodeCharacter 


/Users/ryusuke/Downloads/Latex/ç¢ºç‡è«–/final.tex:15: Package inputenc Error: Unicode character ï¼Œ (U+FF0C)
(inputenc)                not set up for use with LaTeX.

See the inputenc package documentation for explanation.
Type  H <return>  for immediate help.
 ...                                              
                                                  
l.15 æ¬¡ã®å•é¡Œã‚’è§£ãï¼Œ
                             è§£ç­”éç¨‹ã‚’ç¤ºã—ãŸãƒ¬ãƒãƒ¼ãƒˆã‚’æå‡ºã...
You may provide a definition with
\DeclareUnicodeCharacter 


/Users/ryusuke/Downloads/Latex/ç¢ºç‡è«–/final.tex:15: Package inputenc Error: Unicode character è§£ (U+89E3)
(inputenc)                not set up for use with LaTeX.

See the inputenc package documentation for explanation.
Type  H <return>  for immediate help.
 ...                                              
                                                  
l.15 æ¬¡ã®å•é¡Œã‚’è§£ãï¼Œè§£
                                ç­”éç¨‹ã‚’ç¤ºã—ãŸãƒ¬ãƒãƒ¼ãƒˆã‚’æå‡ºã...
You may provide a definition with
\DeclareUnicodeCharacter 


/Users/ryusuke/Downloads/Latex/ç¢ºç‡è«–/final.tex:15: Package inputenc Error: Unicode character ç­” (U+7B54)
(inputenc)                not set up for use with LaTeX.

See the inputenc package documentation for explanation.
Type  H <return>  for immediate help.
 ...                                              
                                                  
l.15 æ¬¡ã®å•é¡Œã‚’è§£ãï¼Œè§£ç­”
                                   éç¨‹ã‚’ç¤ºã—ãŸãƒ¬ãƒãƒ¼ãƒˆã‚’æå‡ºã...
You may provide a definition with
\DeclareUnicodeCharacter 


/Users/ryusuke/Downloads/Latex/ç¢ºç‡è«–/final.tex:15: Package inputenc Error: Unicode character é (U+904E)
(inputenc)                not set up for use with LaTeX.

See the inputenc package documentation for explanation.
Type  H <return>  for immediate help.
 ...                                              
                                                  
l.15 æ¬¡ã®å•é¡Œã‚’è§£ãï¼Œè§£ç­”é
                                      ç¨‹ã‚’ç¤ºã—ãŸãƒ¬ãƒãƒ¼ãƒˆã‚’æå‡ºã...
You may provide a definition with
\DeclareUnicodeCharacter 


/Users/ryusuke/Downloads/Latex/ç¢ºç‡è«–/final.tex:15: Package inputenc Error: Unicode character ç¨‹ (U+7A0B)
(inputenc)                not set up for use with LaTeX.

See the inputenc package documentation for explanation.
Type  H <return>  for immediate help.
 ...                                              
                                                  
l.15 æ¬¡ã®å•é¡Œã‚’è§£ãï¼Œè§£ç­”éç¨‹
                                         ã‚’ç¤ºã—ãŸãƒ¬ãƒãƒ¼ãƒˆã‚’æå‡ºã...
You may provide a definition with
\DeclareUnicodeCharacter 


/Users/ryusuke/Downloads/Latex/ç¢ºç‡è«–/final.tex:15: Package inputenc Error: Unicode character ã‚’ (U+3092)
(inputenc)                not set up for use with LaTeX.

See the inputenc package documentation for explanation.
Type  H <return>  for immediate help.
 ...                                              
                                                  
l.15 æ¬¡ã®å•é¡Œã‚’è§£ãï¼Œè§£ç­”éç¨‹ã‚’
                                            ç¤ºã—ãŸãƒ¬ãƒãƒ¼ãƒˆã‚’æå‡ºã...
You may provide a definition with
\DeclareUnicodeCharacter 


/Users/ryusuke/Downloads/Latex/ç¢ºç‡è«–/final.tex:15: Package inputenc Error: Unicode character ç¤º (U+793A)
(inputenc)                not set up for use with LaTeX.

See the inputenc package documentation for explanation.
Type  H <return>  for immediate help.
 ...                                              
                                                  
l.15 æ¬¡ã®å•é¡Œã‚’è§£ãï¼Œè§£ç­”éç¨‹ã‚’ç¤º
                                               ã—ãŸãƒ¬ãƒãƒ¼ãƒˆã‚’æå‡ºã...
You may provide a definition with
\DeclareUnicodeCharacter 


/Users/ryusuke/Downloads/Latex/ç¢ºç‡è«–/final.tex:15: Package inputenc Error: Unicode character ã— (U+3057)
(inputenc)                not set up for use with LaTeX.

See the inputenc package documentation for explanation.
Type  H <return>  for immediate help.
 ...                                              
                                                  
l.15 æ¬¡ã®å•é¡Œã‚’è§£ãï¼Œè§£ç­”éç¨‹ã‚’ç¤ºã—
                                                  ãŸãƒ¬ãƒãƒ¼ãƒˆã‚’æå‡ºã...
You may provide a definition with
\DeclareUnicodeCharacter 


/Users/ryusuke/Downloads/Latex/ç¢ºç‡è«–/final.tex:15: Package inputenc Error: Unicode character ãŸ (U+305F)
(inputenc)                not set up for use with LaTeX.

See the inputenc package documentation for explanation.
Type  H <return>  for immediate help.
 ...                                              
                                                  
l.15 ...å•é¡Œã‚’è§£ãï¼Œè§£ç­”éç¨‹ã‚’ç¤ºã—ãŸ
                                                  ãƒ¬ãƒãƒ¼ãƒˆã‚’æå‡ºã—ã...
You may provide a definition with
\DeclareUnicodeCharacter 


/Users/ryusuke/Downloads/Latex/ç¢ºç‡è«–/final.tex:15: Package inputenc Error: Unicode character ãƒ¬ (U+30EC)
(inputenc)                not set up for use with LaTeX.

See the inputenc package documentation for explanation.
Type  H <return>  for immediate help.
 ...                                              
                                                  
l.15 ...é¡Œã‚’è§£ãï¼Œè§£ç­”éç¨‹ã‚’ç¤ºã—ãŸãƒ¬
                                                  ãƒãƒ¼ãƒˆã‚’æå‡ºã—ãªã...
You may provide a definition with
\DeclareUnicodeCharacter 


/Users/ryusuke/Downloads/Latex/ç¢ºç‡è«–/final.tex:15: Package inputenc Error: Unicode character ãƒ (U+30DD)
(inputenc)                not set up for use with LaTeX.

See the inputenc package documentation for explanation.
Type  H <return>  for immediate help.
 ...                                              
                                                  
l.15 ...ã‚’è§£ãï¼Œè§£ç­”éç¨‹ã‚’ç¤ºã—ãŸãƒ¬ãƒ
                                                  ãƒ¼ãƒˆã‚’æå‡ºã—ãªã•ã...
You may provide a definition with
\DeclareUnicodeCharacter 


/Users/ryusuke/Downloads/Latex/ç¢ºç‡è«–/final.tex:15: Package inputenc Error: Unicode character ãƒ¼ (U+30FC)
(inputenc)                not set up for use with LaTeX.

See the inputenc package documentation for explanation.
Type  H <return>  for immediate help.
 ...                                              
                                                  
l.15 ...è§£ãï¼Œè§£ç­”éç¨‹ã‚’ç¤ºã—ãŸãƒ¬ãƒãƒ¼
                                                  ãƒˆã‚’æå‡ºã—ãªã•ã„ï¼\\
You may provide a definition with
\DeclareUnicodeCharacter 


/Users/ryusuke/Downloads/Latex/ç¢ºç‡è«–/final.tex:15: Package inputenc Error: Unicode character ãƒˆ (U+30C8)
(inputenc)                not set up for use with LaTeX.

See the inputenc package documentation for explanation.
Type  H <return>  for immediate help.
 ...                                              
                                                  
l.15 ...ãï¼Œè§£ç­”éç¨‹ã‚’ç¤ºã—ãŸãƒ¬ãƒãƒ¼ãƒˆ
                                                  ã‚’æå‡ºã—ãªã•ã„ï¼\\
You may provide a definition with
\DeclareUnicodeCharacter 


/Users/ryusuke/Downloads/Latex/ç¢ºç‡è«–/final.tex:15: Package inputenc Error: Unicode character ã‚’ (U+3092)
(inputenc)                not set up for use with LaTeX.

See the inputenc package documentation for explanation.
Type  H <return>  for immediate help.
 ...                                              
                                                  
l.15 ...ï¼Œè§£ç­”éç¨‹ã‚’ç¤ºã—ãŸãƒ¬ãƒãƒ¼ãƒˆã‚’
                                                  æå‡ºã—ãªã•ã„ï¼\\
You may provide a definition with
\DeclareUnicodeCharacter 


/Users/ryusuke/Downloads/Latex/ç¢ºç‡è«–/final.tex:15: Package inputenc Error: Unicode character æ (U+63D0)
(inputenc)                not set up for use with LaTeX.

See the inputenc package documentation for explanation.
Type  H <return>  for immediate help.
 ...                                              
                                                  
l.15 ...è§£ç­”éç¨‹ã‚’ç¤ºã—ãŸãƒ¬ãƒãƒ¼ãƒˆã‚’æ
                                                  å‡ºã—ãªã•ã„ï¼\\
You may provide a definition with
\DeclareUnicodeCharacter 


/Users/ryusuke/Downloads/Latex/ç¢ºç‡è«–/final.tex:15: Package inputenc Error: Unicode character å‡º (U+51FA)
(inputenc)                not set up for use with LaTeX.

See the inputenc package documentation for explanation.
Type  H <return>  for immediate help.
 ...                                              
                                                  
l.15 ...ç­”éç¨‹ã‚’ç¤ºã—ãŸãƒ¬ãƒãƒ¼ãƒˆã‚’æå‡º
                                                  ã—ãªã•ã„ï¼\\
You may provide a definition with
\DeclareUnicodeCharacter 


/Users/ryusuke/Downloads/Latex/ç¢ºç‡è«–/final.tex:15: Package inputenc Error: Unicode character ã— (U+3057)
(inputenc)                not set up for use with LaTeX.

See the inputenc package documentation for explanation.
Type  H <return>  for immediate help.
 ...                                              
                                                  
l.15 ...éç¨‹ã‚’ç¤ºã—ãŸãƒ¬ãƒãƒ¼ãƒˆã‚’æå‡ºã—
                                                  ãªã•ã„ï¼\\
You may provide a definition with
\DeclareUnicodeCharacter 


/Users/ryusuke/Downloads/Latex/ç¢ºç‡è«–/final.tex:15: Package inputenc Error: Unicode character ãª (U+306A)
(inputenc)                not set up for use with LaTeX.

See the inputenc package documentation for explanation.
Type  H <return>  for immediate help.
 ...                                              
                                                  
l.15 ...ç¨‹ã‚’ç¤ºã—ãŸãƒ¬ãƒãƒ¼ãƒˆã‚’æå‡ºã—ãª
                                                  ã•ã„ï¼\\
You may provide a definition with
\DeclareUnicodeCharacter 


/Users/ryusuke/Downloads/Latex/ç¢ºç‡è«–/final.tex:15: Package inputenc Error: Unicode character ã• (U+3055)
(inputenc)                not set up for use with LaTeX.

See the inputenc package documentation for explanation.
Type  H <return>  for immediate help.
 ...                                              
                                                  
l.15 ...ã‚’ç¤ºã—ãŸãƒ¬ãƒãƒ¼ãƒˆã‚’æå‡ºã—ãªã•
                                                  ã„ï¼\\
You may provide a definition with
\DeclareUnicodeCharacter 


/Users/ryusuke/Downloads/Latex/ç¢ºç‡è«–/final.tex:15: Package inputenc Error: Unicode character ã„ (U+3044)
(inputenc)                not set up for use with LaTeX.

See the inputenc package documentation for explanation.
Type  H <return>  for immediate help.
 ...                                              
                                                  
l.15 ...ç¤ºã—ãŸãƒ¬ãƒãƒ¼ãƒˆã‚’æå‡ºã—ãªã•ã„
                                                  ï¼\\
You may provide a definition with
\DeclareUnicodeCharacter 


/Users/ryusuke/Downloads/Latex/ç¢ºç‡è«–/final.tex:15: Package inputenc Error: Unicode character ï¼ (U+FF0E)
(inputenc)                not set up for use with LaTeX.

See the inputenc package documentation for explanation.
Type  H <return>  for immediate help.
 ...                                              
                                                  
l.15 ...ã—ãŸãƒ¬ãƒãƒ¼ãƒˆã‚’æå‡ºã—ãªã•ã„ï¼
                                                  \\
You may provide a definition with
\DeclareUnicodeCharacter 


/Users/ryusuke/Downloads/Latex/ç¢ºç‡è«–/final.tex:16: LaTeX Error: There's no line here to end.

See the LaTeX manual or LaTeX Companion for explanation.
Type  H <return>  for immediate help.
 ...                                              
                                                  
l.16 ã
      Ÿã ã—ï¼Œè§£ç­”ã¯å˜ã«ç­”ãˆã‚’æ›¸ãã®ã§ã¯ãªãï¼Œã©ã®ã‚ˆã...
Your command was ignored.
Type  I <command> <return>  to replace it with another command,
or  <return>  to continue without it.


/Users/ryusuke/Downloads/Latex/ç¢ºç‡è«–/final.tex:16: Package inputenc Error: Unicode character ãŸ (U+305F)
(inputenc)                not set up for use with LaTeX.

See the inputenc package documentation for explanation.
Type  H <return>  for immediate help.
 ...                                              
                                                  
l.16 ãŸ
        ã ã—ï¼Œè§£ç­”ã¯å˜ã«ç­”ãˆã‚’æ›¸ãã®ã§ã¯ãªãï¼Œã©ã®ã‚ˆã...
You may provide a definition with
\DeclareUnicodeCharacter 


/Users/ryusuke/Downloads/Latex/ç¢ºç‡è«–/final.tex:16: Package inputenc Error: Unicode character ã  (U+3060)
(inputenc)                not set up for use with LaTeX.

See the inputenc package documentation for explanation.
Type  H <return>  for immediate help.
 ...                                              
                                                  
l.16 ãŸã 
           ã—ï¼Œè§£ç­”ã¯å˜ã«ç­”ãˆã‚’æ›¸ãã®ã§ã¯ãªãï¼Œã©ã®ã‚ˆã...
You may provide a definition with
\DeclareUnicodeCharacter 


/Users/ryusuke/Downloads/Latex/ç¢ºç‡è«–/final.tex:16: Package inputenc Error: Unicode character ã— (U+3057)
(inputenc)                not set up for use with LaTeX.

See the inputenc package documentation for explanation.
Type  H <return>  for immediate help.
 ...                                              
                                                  
l.16 ãŸã ã—
              ï¼Œè§£ç­”ã¯å˜ã«ç­”ãˆã‚’æ›¸ãã®ã§ã¯ãªãï¼Œã©ã®ã‚ˆã...
You may provide a definition with
\DeclareUnicodeCharacter 


/Users/ryusuke/Downloads/Latex/ç¢ºç‡è«–/final.tex:16: Package inputenc Error: Unicode character ï¼Œ (U+FF0C)
(inputenc)                not set up for use with LaTeX.

See the inputenc package documentation for explanation.
Type  H <return>  for immediate help.
 ...                                              
                                                  
l.16 ãŸã ã—ï¼Œ
                 è§£ç­”ã¯å˜ã«ç­”ãˆã‚’æ›¸ãã®ã§ã¯ãªãï¼Œã©ã®ã‚ˆã...
You may provide a definition with
\DeclareUnicodeCharacter 


/Users/ryusuke/Downloads/Latex/ç¢ºç‡è«–/final.tex:16: Package inputenc Error: Unicode character è§£ (U+89E3)
(inputenc)                not set up for use with LaTeX.

See the inputenc package documentation for explanation.
Type  H <return>  for immediate help.
 ...                                              
                                                  
l.16 ãŸã ã—ï¼Œè§£
                    ç­”ã¯å˜ã«ç­”ãˆã‚’æ›¸ãã®ã§ã¯ãªãï¼Œã©ã®ã‚ˆã...
You may provide a definition with
\DeclareUnicodeCharacter 


/Users/ryusuke/Downloads/Latex/ç¢ºç‡è«–/final.tex:16: Package inputenc Error: Unicode character ç­” (U+7B54)
(inputenc)                not set up for use with LaTeX.

See the inputenc package documentation for explanation.
Type  H <return>  for immediate help.
 ...                                              
                                                  
l.16 ãŸã ã—ï¼Œè§£ç­”
                       ã¯å˜ã«ç­”ãˆã‚’æ›¸ãã®ã§ã¯ãªãï¼Œã©ã®ã‚ˆã...
You may provide a definition with
\DeclareUnicodeCharacter 


/Users/ryusuke/Downloads/Latex/ç¢ºç‡è«–/final.tex:16: Package inputenc Error: Unicode character ã¯ (U+306F)
(inputenc)                not set up for use with LaTeX.

See the inputenc package documentation for explanation.
Type  H <return>  for immediate help.
 ...                                              
                                                  
l.16 ãŸã ã—ï¼Œè§£ç­”ã¯
                          å˜ã«ç­”ãˆã‚’æ›¸ãã®ã§ã¯ãªãï¼Œã©ã®ã‚ˆã...
You may provide a definition with
\DeclareUnicodeCharacter 


/Users/ryusuke/Downloads/Latex/ç¢ºç‡è«–/final.tex:16: Package inputenc Error: Unicode character å˜ (U+5358)
(inputenc)                not set up for use with LaTeX.

See the inputenc package documentation for explanation.
Type  H <return>  for immediate help.
 ...                                              
                                                  
l.16 ãŸã ã—ï¼Œè§£ç­”ã¯å˜
                             ã«ç­”ãˆã‚’æ›¸ãã®ã§ã¯ãªãï¼Œã©ã®ã‚ˆã...
You may provide a definition with
\DeclareUnicodeCharacter 


/Users/ryusuke/Downloads/Latex/ç¢ºç‡è«–/final.tex:16: Package inputenc Error: Unicode character ã« (U+306B)
(inputenc)                not set up for use with LaTeX.

See the inputenc package documentation for explanation.
Type  H <return>  for immediate help.
 ...                                              
                                                  
l.16 ãŸã ã—ï¼Œè§£ç­”ã¯å˜ã«
                                ç­”ãˆã‚’æ›¸ãã®ã§ã¯ãªãï¼Œã©ã®ã‚ˆã...
You may provide a definition with
\DeclareUnicodeCharacter 


/Users/ryusuke/Downloads/Latex/ç¢ºç‡è«–/final.tex:16: Package inputenc Error: Unicode character ç­” (U+7B54)
(inputenc)                not set up for use with LaTeX.

See the inputenc package documentation for explanation.
Type  H <return>  for immediate help.
 ...                                              
                                                  
l.16 ãŸã ã—ï¼Œè§£ç­”ã¯å˜ã«ç­”
                                   ãˆã‚’æ›¸ãã®ã§ã¯ãªãï¼Œã©ã®ã‚ˆã...
You may provide a definition with
\DeclareUnicodeCharacter 


/Users/ryusuke/Downloads/Latex/ç¢ºç‡è«–/final.tex:16: Package inputenc Error: Unicode character ãˆ (U+3048)
(inputenc)                not set up for use with LaTeX.

See the inputenc package documentation for explanation.
Type  H <return>  for immediate help.
 ...                                              
                                                  
l.16 ãŸã ã—ï¼Œè§£ç­”ã¯å˜ã«ç­”ãˆ
                                      ã‚’æ›¸ãã®ã§ã¯ãªãï¼Œã©ã®ã‚ˆã...
You may provide a definition with
\DeclareUnicodeCharacter 


/Users/ryusuke/Downloads/Latex/ç¢ºç‡è«–/final.tex:16: Package inputenc Error: Unicode character ã‚’ (U+3092)
(inputenc)                not set up for use with LaTeX.

See the inputenc package documentation for explanation.
Type  H <return>  for immediate help.
 ...                                              
                                                  
l.16 ãŸã ã—ï¼Œè§£ç­”ã¯å˜ã«ç­”ãˆã‚’
                                         æ›¸ãã®ã§ã¯ãªãï¼Œã©ã®ã‚ˆã...
You may provide a definition with
\DeclareUnicodeCharacter 


/Users/ryusuke/Downloads/Latex/ç¢ºç‡è«–/final.tex:16: Package inputenc Error: Unicode character æ›¸ (U+66F8)
(inputenc)                not set up for use with LaTeX.

See the inputenc package documentation for explanation.
Type  H <return>  for immediate help.
 ...                                              
                                                  
l.16 ãŸã ã—ï¼Œè§£ç­”ã¯å˜ã«ç­”ãˆã‚’æ›¸
                                            ãã®ã§ã¯ãªãï¼Œã©ã®ã‚ˆã...
You may provide a definition with
\DeclareUnicodeCharacter 


/Users/ryusuke/Downloads/Latex/ç¢ºç‡è«–/final.tex:16: Package inputenc Error: Unicode character ã (U+304F)
(inputenc)                not set up for use with LaTeX.

See the inputenc package documentation for explanation.
Type  H <return>  for immediate help.
 ...                                              
                                                  
l.16 ãŸã ã—ï¼Œè§£ç­”ã¯å˜ã«ç­”ãˆã‚’æ›¸ã
                                               ã®ã§ã¯ãªãï¼Œã©ã®ã‚ˆã...
You may provide a definition with
\DeclareUnicodeCharacter 


/Users/ryusuke/Downloads/Latex/ç¢ºç‡è«–/final.tex:16: Package inputenc Error: Unicode character ã® (U+306E)
(inputenc)                not set up for use with LaTeX.

See the inputenc package documentation for explanation.
Type  H <return>  for immediate help.
 ...                                              
                                                  
l.16 ãŸã ã—ï¼Œè§£ç­”ã¯å˜ã«ç­”ãˆã‚’æ›¸ãã®
                                                  ã§ã¯ãªãï¼Œã©ã®ã‚ˆã...
You may provide a definition with
\DeclareUnicodeCharacter 


/Users/ryusuke/Downloads/Latex/ç¢ºç‡è«–/final.tex:16: Package inputenc Error: Unicode character ã§ (U+3067)
(inputenc)                not set up for use with LaTeX.

See the inputenc package documentation for explanation.
Type  H <return>  for immediate help.
 ...                                              
                                                  
l.16 ...ã—ï¼Œè§£ç­”ã¯å˜ã«ç­”ãˆã‚’æ›¸ãã®ã§
                                                  ã¯ãªãï¼Œã©ã®ã‚ˆã†ã...
You may provide a definition with
\DeclareUnicodeCharacter 


/Users/ryusuke/Downloads/Latex/ç¢ºç‡è«–/final.tex:16: Package inputenc Error: Unicode character ã¯ (U+306F)
(inputenc)                not set up for use with LaTeX.

See the inputenc package documentation for explanation.
Type  H <return>  for immediate help.
 ...                                              
                                                  
l.16 ...ï¼Œè§£ç­”ã¯å˜ã«ç­”ãˆã‚’æ›¸ãã®ã§ã¯
                                                  ãªãï¼Œã©ã®ã‚ˆã†ã«è€...
You may provide a definition with
\DeclareUnicodeCharacter 


/Users/ryusuke/Downloads/Latex/ç¢ºç‡è«–/final.tex:16: Package inputenc Error: Unicode character ãª (U+306A)
(inputenc)                not set up for use with LaTeX.

See the inputenc package documentation for explanation.
Type  H <return>  for immediate help.
 ...                                              
                                                  
l.16 ...è§£ç­”ã¯å˜ã«ç­”ãˆã‚’æ›¸ãã®ã§ã¯ãª
                                                  ãï¼Œã©ã®ã‚ˆã†ã«è€ƒã...
You may provide a definition with
\DeclareUnicodeCharacter 


/Users/ryusuke/Downloads/Latex/ç¢ºç‡è«–/final.tex:16: Package inputenc Error: Unicode character ã (U+304F)
(inputenc)                not set up for use with LaTeX.

See the inputenc package documentation for explanation.
Type  H <return>  for immediate help.
 ...                                              
                                                  
l.16 ...ç­”ã¯å˜ã«ç­”ãˆã‚’æ›¸ãã®ã§ã¯ãªã
                                                  ï¼Œã©ã®ã‚ˆã†ã«è€ƒãˆã...
You may provide a definition with
\DeclareUnicodeCharacter 


/Users/ryusuke/Downloads/Latex/ç¢ºç‡è«–/final.tex:16: Package inputenc Error: Unicode character ï¼Œ (U+FF0C)
(inputenc)                not set up for use with LaTeX.

See the inputenc package documentation for explanation.
Type  H <return>  for immediate help.
 ...                                              
                                                  
l.16 ...ã¯å˜ã«ç­”ãˆã‚’æ›¸ãã®ã§ã¯ãªãï¼Œ
                                                  ã©ã®ã‚ˆã†ã«è€ƒãˆãŸã...
You may provide a definition with
\DeclareUnicodeCharacter 


/Users/ryusuke/Downloads/Latex/ç¢ºç‡è«–/final.tex:16: Package inputenc Error: Unicode character ã© (U+3069)
(inputenc)                not set up for use with LaTeX.

See the inputenc package documentation for explanation.
Type  H <return>  for immediate help.
 ...                                              
                                                  
l.16 ...å˜ã«ç­”ãˆã‚’æ›¸ãã®ã§ã¯ãªãï¼Œã©
                                                  ã®ã‚ˆã†ã«è€ƒãˆãŸã‹ã...
You may provide a definition with
\DeclareUnicodeCharacter 


/Users/ryusuke/Downloads/Latex/ç¢ºç‡è«–/final.tex:16: Package inputenc Error: Unicode character ã® (U+306E)
(inputenc)                not set up for use with LaTeX.

See the inputenc package documentation for explanation.
Type  H <return>  for immediate help.
 ...                                              
                                                  
l.16 ...ã«ç­”ãˆã‚’æ›¸ãã®ã§ã¯ãªãï¼Œã©ã®
                                                  ã‚ˆã†ã«è€ƒãˆãŸã‹ãŒåˆ...
You may provide a definition with
\DeclareUnicodeCharacter 


/Users/ryusuke/Downloads/Latex/ç¢ºç‡è«–/final.tex:16: Package inputenc Error: Unicode character ã‚ˆ (U+3088)
(inputenc)                not set up for use with LaTeX.

See the inputenc package documentation for explanation.
Type  H <return>  for immediate help.
 ...                                              
                                                  
l.16 ...ç­”ãˆã‚’æ›¸ãã®ã§ã¯ãªãï¼Œã©ã®ã‚ˆ
                                                  ã†ã«è€ƒãˆãŸã‹ãŒåˆ†ã...
You may provide a definition with
\DeclareUnicodeCharacter 


/Users/ryusuke/Downloads/Latex/ç¢ºç‡è«–/final.tex:16: Package inputenc Error: Unicode character ã† (U+3046)
(inputenc)                not set up for use with LaTeX.

See the inputenc package documentation for explanation.
Type  H <return>  for immediate help.
 ...                                              
                                                  
l.16 ...ãˆã‚’æ›¸ãã®ã§ã¯ãªãï¼Œã©ã®ã‚ˆã†
                                                  ã«è€ƒãˆãŸã‹ãŒåˆ†ã‹ã‚...
You may provide a definition with
\DeclareUnicodeCharacter 


/Users/ryusuke/Downloads/Latex/ç¢ºç‡è«–/final.tex:16: Package inputenc Error: Unicode character ã« (U+306B)
(inputenc)                not set up for use with LaTeX.

See the inputenc package documentation for explanation.
Type  H <return>  for immediate help.
 ...                                              
                                                  
l.16 ...ã‚’æ›¸ãã®ã§ã¯ãªãï¼Œã©ã®ã‚ˆã†ã«
                                                  è€ƒãˆãŸã‹ãŒåˆ†ã‹ã‚‹ã‚...
You may provide a definition with
\DeclareUnicodeCharacter 


/Users/ryusuke/Downloads/Latex/ç¢ºç‡è«–/final.tex:16: Package inputenc Error: Unicode character è€ƒ (U+8003)
(inputenc)                not set up for use with LaTeX.

See the inputenc package documentation for explanation.
Type  H <return>  for immediate help.
 ...                                              
                                                  
l.16 ...æ›¸ãã®ã§ã¯ãªãï¼Œã©ã®ã‚ˆã†ã«è€ƒ
                                                  ãˆãŸã‹ãŒåˆ†ã‹ã‚‹ã‚ˆã...
You may provide a definition with
\DeclareUnicodeCharacter 


/Users/ryusuke/Downloads/Latex/ç¢ºç‡è«–/final.tex:16: Package inputenc Error: Unicode character ãˆ (U+3048)
(inputenc)                not set up for use with LaTeX.

See the inputenc package documentation for explanation.
Type  H <return>  for immediate help.
 ...                                              
                                                  
l.16 ...ãã®ã§ã¯ãªãï¼Œã©ã®ã‚ˆã†ã«è€ƒãˆ
                                                  ãŸã‹ãŒåˆ†ã‹ã‚‹ã‚ˆã†ã...
You may provide a definition with
\DeclareUnicodeCharacter 


/Users/ryusuke/Downloads/Latex/ç¢ºç‡è«–/final.tex:16: Package inputenc Error: Unicode character ãŸ (U+305F)
(inputenc)                not set up for use with LaTeX.

See the inputenc package documentation for explanation.
Type  H <return>  for immediate help.
 ...                                              
                                                  
l.16 ...ã®ã§ã¯ãªãï¼Œã©ã®ã‚ˆã†ã«è€ƒãˆãŸ
                                                  ã‹ãŒåˆ†ã‹ã‚‹ã‚ˆã†ã«æ›...
You may provide a definition with
\DeclareUnicodeCharacter 


/Users/ryusuke/Downloads/Latex/ç¢ºç‡è«–/final.tex:16: Package inputenc Error: Unicode character ã‹ (U+304B)
(inputenc)                not set up for use with LaTeX.

See the inputenc package documentation for explanation.
Type  H <return>  for immediate help.
 ...                                              
                                                  
l.16 ...ã§ã¯ãªãï¼Œã©ã®ã‚ˆã†ã«è€ƒãˆãŸã‹
                                                  ãŒåˆ†ã‹ã‚‹ã‚ˆã†ã«æ›¸ã...
You may provide a definition with
\DeclareUnicodeCharacter 


/Users/ryusuke/Downloads/Latex/ç¢ºç‡è«–/final.tex:16: Package inputenc Error: Unicode character ãŒ (U+304C)
(inputenc)                not set up for use with LaTeX.

See the inputenc package documentation for explanation.
Type  H <return>  for immediate help.
 ...                                              
                                                  
l.16 ...ã¯ãªãï¼Œã©ã®ã‚ˆã†ã«è€ƒãˆãŸã‹ãŒ
                                                  åˆ†ã‹ã‚‹ã‚ˆã†ã«æ›¸ãã...
You may provide a definition with
\DeclareUnicodeCharacter 


/Users/ryusuke/Downloads/Latex/ç¢ºç‡è«–/final.tex:16: Package inputenc Error: Unicode character åˆ† (U+5206)
(inputenc)                not set up for use with LaTeX.

See the inputenc package documentation for explanation.
Type  H <return>  for immediate help.
 ...                                              
                                                  
l.16 ...ãªãï¼Œã©ã®ã‚ˆã†ã«è€ƒãˆãŸã‹ãŒåˆ†
                                                  ã‹ã‚‹ã‚ˆã†ã«æ›¸ããªã...
You may provide a definition with
\DeclareUnicodeCharacter 


/Users/ryusuke/Downloads/Latex/ç¢ºç‡è«–/final.tex:16: Package inputenc Error: Unicode character ã‹ (U+304B)
(inputenc)                not set up for use with LaTeX.

See the inputenc package documentation for explanation.
Type  H <return>  for immediate help.
 ...                                              
                                                  
l.16 ...ãï¼Œã©ã®ã‚ˆã†ã«è€ƒãˆãŸã‹ãŒåˆ†ã‹
                                                  ã‚‹ã‚ˆã†ã«æ›¸ããªã•ã...
You may provide a definition with
\DeclareUnicodeCharacter 


/Users/ryusuke/Downloads/Latex/ç¢ºç‡è«–/final.tex:16: Package inputenc Error: Unicode character ã‚‹ (U+308B)
(inputenc)                not set up for use with LaTeX.

See the inputenc package documentation for explanation.
Type  H <return>  for immediate help.
 ...                                              
                                                  
l.16 ...ï¼Œã©ã®ã‚ˆã†ã«è€ƒãˆãŸã‹ãŒåˆ†ã‹ã‚‹
                                                  ã‚ˆã†ã«æ›¸ããªã•ã„ï¼
You may provide a definition with
\DeclareUnicodeCharacter 


/Users/ryusuke/Downloads/Latex/ç¢ºç‡è«–/final.tex:16: Package inputenc Error: Unicode character ã‚ˆ (U+3088)
(inputenc)                not set up for use with LaTeX.

See the inputenc package documentation for explanation.
Type  H <return>  for immediate help.
 ...                                              
                                                  
l.16 ...ã©ã®ã‚ˆã†ã«è€ƒãˆãŸã‹ãŒåˆ†ã‹ã‚‹ã‚ˆ
                                                  ã†ã«æ›¸ããªã•ã„ï¼
You may provide a definition with
\DeclareUnicodeCharacter 


/Users/ryusuke/Downloads/Latex/ç¢ºç‡è«–/final.tex:16: Package inputenc Error: Unicode character ã† (U+3046)
(inputenc)                not set up for use with LaTeX.

See the inputenc package documentation for explanation.
Type  H <return>  for immediate help.
 ...                                              
                                                  
l.16 ...ã®ã‚ˆã†ã«è€ƒãˆãŸã‹ãŒåˆ†ã‹ã‚‹ã‚ˆã†
                                                  ã«æ›¸ããªã•ã„ï¼
You may provide a definition with
\DeclareUnicodeCharacter 


/Users/ryusuke/Downloads/Latex/ç¢ºç‡è«–/final.tex:16: Package inputenc Error: Unicode character ã« (U+306B)
(inputenc)                not set up for use with LaTeX.

See the inputenc package documentation for explanation.
Type  H <return>  for immediate help.
 ...                                              
                                                  
l.16 ...ã‚ˆã†ã«è€ƒãˆãŸã‹ãŒåˆ†ã‹ã‚‹ã‚ˆã†ã«
                                                  æ›¸ããªã•ã„ï¼
You may provide a definition with
\DeclareUnicodeCharacter 


/Users/ryusuke/Downloads/Latex/ç¢ºç‡è«–/final.tex:16: Package inputenc Error: Unicode character æ›¸ (U+66F8)
(inputenc)                not set up for use with LaTeX.

See the inputenc package documentation for explanation.
Type  H <return>  for immediate help.
 ...                                              
                                                  
l.16 ...ã†ã«è€ƒãˆãŸã‹ãŒåˆ†ã‹ã‚‹ã‚ˆã†ã«æ›¸
                                                  ããªã•ã„ï¼
You may provide a definition with
\DeclareUnicodeCharacter 


/Users/ryusuke/Downloads/Latex/ç¢ºç‡è«–/final.tex:16: Package inputenc Error: Unicode character ã (U+304D)
(inputenc)                not set up for use with LaTeX.

See the inputenc package documentation for explanation.
Type  H <return>  for immediate help.
 ...                                              
                                                  
l.16 ...ã«è€ƒãˆãŸã‹ãŒåˆ†ã‹ã‚‹ã‚ˆã†ã«æ›¸ã
                                                  ãªã•ã„ï¼
You may provide a definition with
\DeclareUnicodeCharacter 


/Users/ryusuke/Downloads/Latex/ç¢ºç‡è«–/final.tex:16: Package inputenc Error: Unicode character ãª (U+306A)
(inputenc)                not set up for use with LaTeX.

See the inputenc package documentation for explanation.
Type  H <return>  for immediate help.
 ...                                              
                                                  
l.16 ...è€ƒãˆãŸã‹ãŒåˆ†ã‹ã‚‹ã‚ˆã†ã«æ›¸ããª
                                                  ã•ã„ï¼
You may provide a definition with
\DeclareUnicodeCharacter 


/Users/ryusuke/Downloads/Latex/ç¢ºç‡è«–/final.tex:16: Package inputenc Error: Unicode character ã• (U+3055)
(inputenc)                not set up for use with LaTeX.

See the inputenc package documentation for explanation.
Type  H <return>  for immediate help.
 ...                                              
                                                  
l.16 ...ãˆãŸã‹ãŒåˆ†ã‹ã‚‹ã‚ˆã†ã«æ›¸ããªã•
                                                  ã„ï¼
You may provide a definition with
\DeclareUnicodeCharacter 


/Users/ryusuke/Downloads/Latex/ç¢ºç‡è«–/final.tex:16: Package inputenc Error: Unicode character ã„ (U+3044)
(inputenc)                not set up for use with LaTeX.

See the inputenc package documentation for explanation.
Type  H <return>  for immediate help.
 ...                                              
                                                  
l.16 ...ãŸã‹ãŒåˆ†ã‹ã‚‹ã‚ˆã†ã«æ›¸ããªã•ã„
                                                  ï¼
You may provide a definition with
\DeclareUnicodeCharacter 


/Users/ryusuke/Downloads/Latex/ç¢ºç‡è«–/final.tex:16: Package inputenc Error: Unicode character ï¼ (U+FF0E)
(inputenc)                not set up for use with LaTeX.

See the inputenc package documentation for explanation.
Type  H <return>  for immediate help.
 ...                                              
                                                  
l.16 ...ã‹ãŒåˆ†ã‹ã‚‹ã‚ˆã†ã«æ›¸ããªã•ã„ï¼
                                                  
You may provide a definition with
\DeclareUnicodeCharacter 


/Users/ryusuke/Downloads/Latex/ç¢ºç‡è«–/final.tex:18: LaTeX Error: Environment description undefined.

See the LaTeX manual or LaTeX Companion for explanation.
Type  H <return>  for immediate help.
 ...                                              
                                                  
l.18 \begin{description}
                        
Your command was ignored.
Type  I <command> <return>  to replace it with another command,
or  <return>  to continue without it.


/Users/ryusuke/Downloads/Latex/ç¢ºç‡è«–/final.tex:19: LaTeX Error: Lonely \item--perhaps a missing list environment.

See the LaTeX manual or LaTeX Companion for explanation.
Type  H <return>  for immediate help.
 ...                                              
                                                  
l.19     \item [å•é¡Œ]
                        ã‚ã‚‹ã‚µã‚¤ã‚³ãƒ­ã‚’ n å›æŠ•ã’ãŸã¨ãï¼Œi ã®ç›...
Try typing  <return>  to proceed.
If that doesn't work, type  X <return>  to quit.


/Users/ryusuke/Downloads/Latex/ç¢ºç‡è«–/final.tex:19: Package inputenc Error: Unicode character ã‚ (U+3042)
(inputenc)                not set up for use with LaTeX.

See the inputenc package documentation for explanation.
Type  H <return>  for immediate help.
 ...                                              
                                                  
l.19     \item [å•é¡Œ] ã‚
                           ã‚‹ã‚µã‚¤ã‚³ãƒ­ã‚’ n å›æŠ•ã’ãŸã¨ãï¼Œi ã®ç›...
You may provide a definition with
\DeclareUnicodeCharacter 


/Users/ryusuke/Downloads/Latex/ç¢ºç‡è«–/final.tex:19: Package inputenc Error: Unicode character ã‚‹ (U+308B)
(inputenc)                not set up for use with LaTeX.

See the inputenc package documentation for explanation.
Type  H <return>  for immediate help.
 ...                                              
                                                  
l.19     \item [å•é¡Œ] ã‚ã‚‹
                              ã‚µã‚¤ã‚³ãƒ­ã‚’ n å›æŠ•ã’ãŸã¨ãï¼Œi ã®ç›...
You may provide a definition with
\DeclareUnicodeCharacter 


/Users/ryusuke/Downloads/Latex/ç¢ºç‡è«–/final.tex:19: Package inputenc Error: Unicode character ã‚µ (U+30B5)
(inputenc)                not set up for use with LaTeX.

See the inputenc package documentation for explanation.
Type  H <return>  for immediate help.
 ...                                              
                                                  
l.19     \item [å•é¡Œ] ã‚ã‚‹ã‚µ
                                 ã‚¤ã‚³ãƒ­ã‚’ n å›æŠ•ã’ãŸã¨ãï¼Œi ã®ç›...
You may provide a definition with
\DeclareUnicodeCharacter 


/Users/ryusuke/Downloads/Latex/ç¢ºç‡è«–/final.tex:19: Package inputenc Error: Unicode character ã‚¤ (U+30A4)
(inputenc)                not set up for use with LaTeX.

See the inputenc package documentation for explanation.
Type  H <return>  for immediate help.
 ...                                              
                                                  
l.19     \item [å•é¡Œ] ã‚ã‚‹ã‚µã‚¤
                                    ã‚³ãƒ­ã‚’ n å›æŠ•ã’ãŸã¨ãï¼Œi ã®ç›...
You may provide a definition with
\DeclareUnicodeCharacter 


/Users/ryusuke/Downloads/Latex/ç¢ºç‡è«–/final.tex:19: Package inputenc Error: Unicode character ã‚³ (U+30B3)
(inputenc)                not set up for use with LaTeX.

See the inputenc package documentation for explanation.
Type  H <return>  for immediate help.
 ...                                              
                                                  
l.19     \item [å•é¡Œ] ã‚ã‚‹ã‚µã‚¤ã‚³
                                       ãƒ­ã‚’ n å›æŠ•ã’ãŸã¨ãï¼Œi ã®ç›...
You may provide a definition with
\DeclareUnicodeCharacter 


/Users/ryusuke/Downloads/Latex/ç¢ºç‡è«–/final.tex:19: Package inputenc Error: Unicode character ãƒ­ (U+30ED)
(inputenc)                not set up for use with LaTeX.

See the inputenc package documentation for explanation.
Type  H <return>  for immediate help.
 ...                                              
                                                  
l.19     \item [å•é¡Œ] ã‚ã‚‹ã‚µã‚¤ã‚³ãƒ­
                                          ã‚’ n å›æŠ•ã’ãŸã¨ãï¼Œi ã®ç›...
You may provide a definition with
\DeclareUnicodeCharacter 


/Users/ryusuke/Downloads/Latex/ç¢ºç‡è«–/final.tex:19: Package inputenc Error: Unicode character ã‚’ (U+3092)
(inputenc)                not set up for use with LaTeX.

See the inputenc package documentation for explanation.
Type  H <return>  for immediate help.
 ...                                              
                                                  
l.19     \item [å•é¡Œ] ã‚ã‚‹ã‚µã‚¤ã‚³ãƒ­ã‚’
                                              n å›æŠ•ã’ãŸã¨ãï¼Œi ã®ç›...
You may provide a definition with
\DeclareUnicodeCharacter 


/Users/ryusuke/Downloads/Latex/ç¢ºç‡è«–/final.tex:19: Package inputenc Error: Unicode character å› (U+56DE)
(inputenc)                not set up for use with LaTeX.

See the inputenc package documentation for explanation.
Type  H <return>  for immediate help.
 ...                                              
                                                  
l.19 ...\item [å•é¡Œ] ã‚ã‚‹ã‚µã‚¤ã‚³ãƒ­ã‚’ n å›
                                                  æŠ•ã’ãŸã¨ãï¼Œi ã®ç›®...
You may provide a definition with
\DeclareUnicodeCharacter 


/Users/ryusuke/Downloads/Latex/ç¢ºç‡è«–/final.tex:19: Package inputenc Error: Unicode character æŠ• (U+6295)
(inputenc)                not set up for use with LaTeX.

See the inputenc package documentation for explanation.
Type  H <return>  for immediate help.
 ...                                              
                                                  
l.19 ...em [å•é¡Œ] ã‚ã‚‹ã‚µã‚¤ã‚³ãƒ­ã‚’ n å›æŠ•
                                                  ã’ãŸã¨ãï¼Œi ã®ç›®ãŒ...
You may provide a definition with
\DeclareUnicodeCharacter 


/Users/ryusuke/Downloads/Latex/ç¢ºç‡è«–/final.tex:19: Package inputenc Error: Unicode character ã’ (U+3052)
(inputenc)                not set up for use with LaTeX.

See the inputenc package documentation for explanation.
Type  H <return>  for immediate help.
 ...                                              
                                                  
l.19 ...[å•é¡Œ] ã‚ã‚‹ã‚µã‚¤ã‚³ãƒ­ã‚’ n å›æŠ•ã’
                                                  ãŸã¨ãï¼Œi ã®ç›®ãŒå‡º...
You may provide a definition with
\DeclareUnicodeCharacter 


/Users/ryusuke/Downloads/Latex/ç¢ºç‡è«–/final.tex:19: Package inputenc Error: Unicode character ãŸ (U+305F)
(inputenc)                not set up for use with LaTeX.

See the inputenc package documentation for explanation.
Type  H <return>  for immediate help.
 ...                                              
                                                  
l.19 ...é¡Œ] ã‚ã‚‹ã‚µã‚¤ã‚³ãƒ­ã‚’ n å›æŠ•ã’ãŸ
                                                  ã¨ãï¼Œi ã®ç›®ãŒå‡ºã‚‹...
You may provide a definition with
\DeclareUnicodeCharacter 


/Users/ryusuke/Downloads/Latex/ç¢ºç‡è«–/final.tex:19: Package inputenc Error: Unicode character ã¨ (U+3068)
(inputenc)                not set up for use with LaTeX.

See the inputenc package documentation for explanation.
Type  H <return>  for immediate help.
 ...                                              
                                                  
l.19 ...Œ] ã‚ã‚‹ã‚µã‚¤ã‚³ãƒ­ã‚’ n å›æŠ•ã’ãŸã¨
                                                  ãï¼Œi ã®ç›®ãŒå‡ºã‚‹å›...
You may provide a definition with
\DeclareUnicodeCharacter 


/Users/ryusuke/Downloads/Latex/ç¢ºç‡è«–/final.tex:19: Package inputenc Error: Unicode character ã (U+304D)
(inputenc)                not set up for use with LaTeX.

See the inputenc package documentation for explanation.
Type  H <return>  for immediate help.
 ...                                              
                                                  
l.19 ...ã‚ã‚‹ã‚µã‚¤ã‚³ãƒ­ã‚’ n å›æŠ•ã’ãŸã¨ã
                                                  ï¼Œi ã®ç›®ãŒå‡ºã‚‹å›æ•°...
You may provide a definition with
\DeclareUnicodeCharacter 


/Users/ryusuke/Downloads/Latex/ç¢ºç‡è«–/final.tex:19: Package inputenc Error: Unicode character ï¼Œ (U+FF0C)
(inputenc)                not set up for use with LaTeX.

See the inputenc package documentation for explanation.
Type  H <return>  for immediate help.
 ...                                              
                                                  
l.19 ...ã‚‹ã‚µã‚¤ã‚³ãƒ­ã‚’ n å›æŠ•ã’ãŸã¨ãï¼Œ
                                                  i ã®ç›®ãŒå‡ºã‚‹å›æ•°ã‚’...
You may provide a definition with
\DeclareUnicodeCharacter 


/Users/ryusuke/Downloads/Latex/ç¢ºç‡è«–/final.tex:19: Package inputenc Error: Unicode character ã® (U+306E)
(inputenc)                not set up for use with LaTeX.

See the inputenc package documentation for explanation.
Type  H <return>  for immediate help.
 ...                                              
                                                  
l.19 ...µã‚¤ã‚³ãƒ­ã‚’ n å›æŠ•ã’ãŸã¨ãï¼Œi ã®
                                                  ç›®ãŒå‡ºã‚‹å›æ•°ã‚’ Xi ã...
You may provide a definition with
\DeclareUnicodeCharacter 


/Users/ryusuke/Downloads/Latex/ç¢ºç‡è«–/final.tex:19: Package inputenc Error: Unicode character ç›® (U+76EE)
(inputenc)                not set up for use with LaTeX.

See the inputenc package documentation for explanation.
Type  H <return>  for immediate help.
 ...                                              
                                                  
l.19 ...¤ã‚³ãƒ­ã‚’ n å›æŠ•ã’ãŸã¨ãï¼Œi ã®ç›®
                                                  ãŒå‡ºã‚‹å›æ•°ã‚’ Xi ã§è...
You may provide a definition with
\DeclareUnicodeCharacter 


/Users/ryusuke/Downloads/Latex/ç¢ºç‡è«–/final.tex:19: Package inputenc Error: Unicode character ãŒ (U+304C)
(inputenc)                not set up for use with LaTeX.

See the inputenc package documentation for explanation.
Type  H <return>  for immediate help.
 ...                                              
                                                  
l.19 ...³ãƒ­ã‚’ n å›æŠ•ã’ãŸã¨ãï¼Œi ã®ç›®ãŒ
                                                  å‡ºã‚‹å›æ•°ã‚’ Xi ã§è¡¨ã...
You may provide a definition with
\DeclareUnicodeCharacter 


/Users/ryusuke/Downloads/Latex/ç¢ºç‡è«–/final.tex:19: Package inputenc Error: Unicode character å‡º (U+51FA)
(inputenc)                not set up for use with LaTeX.

See the inputenc package documentation for explanation.
Type  H <return>  for immediate help.
 ...                                              
                                                  
l.19 ...­ã‚’ n å›æŠ•ã’ãŸã¨ãï¼Œi ã®ç›®ãŒå‡º
                                                  ã‚‹å›æ•°ã‚’ Xi ã§è¡¨ã™ï...
You may provide a definition with
\DeclareUnicodeCharacter 


/Users/ryusuke/Downloads/Latex/ç¢ºç‡è«–/final.tex:19: Package inputenc Error: Unicode character ã‚‹ (U+308B)
(inputenc)                not set up for use with LaTeX.

See the inputenc package documentation for explanation.
Type  H <return>  for immediate help.
 ...                                              
                                                  
l.19 ...’ n å›æŠ•ã’ãŸã¨ãï¼Œi ã®ç›®ãŒå‡ºã‚‹
                                                  å›æ•°ã‚’ Xi ã§è¡¨ã™ï¼\\
You may provide a definition with
\DeclareUnicodeCharacter 


/Users/ryusuke/Downloads/Latex/ç¢ºç‡è«–/final.tex:19: Package inputenc Error: Unicode character å› (U+56DE)
(inputenc)                not set up for use with LaTeX.

See the inputenc package documentation for explanation.
Type  H <return>  for immediate help.
 ...                                              
                                                  
l.19 ... å›æŠ•ã’ãŸã¨ãï¼Œi ã®ç›®ãŒå‡ºã‚‹å›
                                                  æ•°ã‚’ Xi ã§è¡¨ã™ï¼\\
You may provide a definition with
\DeclareUnicodeCharacter 


/Users/ryusuke/Downloads/Latex/ç¢ºç‡è«–/final.tex:19: Package inputenc Error: Unicode character æ•° (U+6570)
(inputenc)                not set up for use with LaTeX.

See the inputenc package documentation for explanation.
Type  H <return>  for immediate help.
 ...                                              
                                                  
l.19 ...æŠ•ã’ãŸã¨ãï¼Œi ã®ç›®ãŒå‡ºã‚‹å›æ•°
                                                  ã‚’ Xi ã§è¡¨ã™ï¼\\
You may provide a definition with
\DeclareUnicodeCharacter 


/Users/ryusuke/Downloads/Latex/ç¢ºç‡è«–/final.tex:19: Package inputenc Error: Unicode character ã‚’ (U+3092)
(inputenc)                not set up for use with LaTeX.

See the inputenc package documentation for explanation.
Type  H <return>  for immediate help.
 ...                                              
                                                  
l.19 ...•ã’ãŸã¨ãï¼Œi ã®ç›®ãŒå‡ºã‚‹å›æ•°ã‚’
                                                   Xi ã§è¡¨ã™ï¼\\
You may provide a definition with
\DeclareUnicodeCharacter 


/Users/ryusuke/Downloads/Latex/ç¢ºç‡è«–/final.tex:19: Package inputenc Error: Unicode character ã§ (U+3067)
(inputenc)                not set up for use with LaTeX.

See the inputenc package documentation for explanation.
Type  H <return>  for immediate help.
 ...                                              
                                                  
l.19 ...ã¨ãï¼Œi ã®ç›®ãŒå‡ºã‚‹å›æ•°ã‚’ Xi ã§
                                                  è¡¨ã™ï¼\\
You may provide a definition with
\DeclareUnicodeCharacter 


/Users/ryusuke/Downloads/Latex/ç¢ºç‡è«–/final.tex:19: Package inputenc Error: Unicode character è¡¨ (U+8868)
(inputenc)                not set up for use with LaTeX.

See the inputenc package documentation for explanation.
Type  H <return>  for immediate help.
 ...                                              
                                                  
l.19 ...ãï¼Œi ã®ç›®ãŒå‡ºã‚‹å›æ•°ã‚’ Xi ã§è¡¨
                                                  ã™ï¼\\
You may provide a definition with
\DeclareUnicodeCharacter 


/Users/ryusuke/Downloads/Latex/ç¢ºç‡è«–/final.tex:19: Package inputenc Error: Unicode character ã™ (U+3059)
(inputenc)                not set up for use with LaTeX.

See the inputenc package documentation for explanation.
Type  H <return>  for immediate help.
 ...                                              
                                                  
l.19 ...ï¼Œi ã®ç›®ãŒå‡ºã‚‹å›æ•°ã‚’ Xi ã§è¡¨ã™
                                                  ï¼\\
You may provide a definition with
\DeclareUnicodeCharacter 


/Users/ryusuke/Downloads/Latex/ç¢ºç‡è«–/final.tex:19: Package inputenc Error: Unicode character ï¼ (U+FF0E)
(inputenc)                not set up for use with LaTeX.

See the inputenc package documentation for explanation.
Type  H <return>  for immediate help.
 ...                                              
                                                  
l.19 ...i ã®ç›®ãŒå‡ºã‚‹å›æ•°ã‚’ Xi ã§è¡¨ã™ï¼
                                                  \\
You may provide a definition with
\DeclareUnicodeCharacter 


/Users/ryusuke/Downloads/Latex/ç¢ºç‡è«–/final.tex:20: Package inputenc Error: Unicode character ã“ (U+3053)
(inputenc)                not set up for use with LaTeX.

See the inputenc package documentation for explanation.
Type  H <return>  for immediate help.
 ...                                              
                                                  
l.20     ã“
            ã®ã¨ãï¼Œä»¥ä¸‹ã®å•ã„ã«ç­”ãˆã‚ˆï¼\\
(That makes 100 errors; please try again.) 
Here is how much of TeX's memory you used:
 1405 strings out of 480608
 18143 string characters out of 5903630
 249247 words of memory out of 5000000
 17353 multiletter control sequences out of 15000+600000
 532434 words of font info for 25 fonts, out of 8000000 for 9000
 1141 hyphenation exceptions out of 8191
 30i,1n,31p,263b,55s stack positions out of 5000i,500n,10000p,200000b,80000s

/Users/ryusuke/Downloads/Latex/ç¢ºç‡è«–/final.tex:20:  ==> Fatal error occurred, no output PDF file produced!
