This is e-upTeX, Version 3.14159265-p3.8.3-u1.26-191112-2.6 (utf8.uptex) (TeX Live 2020) (preloaded format=uplatex 2020.11.27)  27 NOV 2020 09:43
entering extended mode
 restricted \write18 enabled.
 file:line:error style messages enabled.
 %&-line parsing enabled.
**1_ans.tex
(./1_ans.tex
pLaTeX2e <2020-10-01u04>+1 (based on LaTeX2e <2020-10-01> patch level 2)
L3 programming layer <2020-10-27> xparse <2020-03-03> (/usr/local/texlive/2020/texmf-dist/tex/platex/jsclasses/jsarticle.cls
Document Class: jsarticle 2020/10/09 jsclasses (okumura, texjporg)

/usr/local/texlive/2020/texmf-dist/tex/platex/jsclasses/jsarticle.cls:224: Class jsarticle Error: You are running upLaTeX.
(jsarticle)              Please use pLaTeX instead, or add 'uplatex' to
(jsarticle)              the class option list.

See the jsarticle class documentation for explanation.
Type  H <return>  for immediate help.
 ...                                              
                                                  
l.224       {\@ehc}
                   
Try typing  <return>  to proceed.
If that doesn't work, type  X <return>  to quit.

\jsc@mpt=\dimen154
\jsc@mmm=\dimen155
\jsc@smallskipamount=\skip47
LaTeX Info: Redefining \textmc on input line 497.
LaTeX Info: Redefining \textgt on input line 499.
\symmincho=\mathgroup4
LaTeX Font Info:    Overwriting symbol font `mincho' in version `bold'
(Font)                  JY2/mc/m/n --> JY2/gt/m/n on input line 561.
LaTeX Font Info:    Font shape `JT2/mc/m/n' will be
(Font)              scaled to size 9.24683pt on input line 755.
LaTeX Font Info:    Font shape `JY2/mc/m/n' will be
(Font)              scaled to size 9.24683pt on input line 755.
\fullwidth=\dimen156
LaTeX Font Info:    Font shape `JT2/mc/m/n' will be
(Font)              scaled to size 7.39746pt on input line 908.
LaTeX Font Info:    Font shape `JY2/mc/m/n' will be
(Font)              scaled to size 7.39746pt on input line 908.
\c@part=\count174
\c@section=\count175
\c@subsection=\count176
\c@subsubsection=\count177
\c@paragraph=\count178
\c@subparagraph=\count179
\@abstractbox=\box64
\c@figure=\count180
\c@table=\count181
\abovecaptionskip=\skip48
\belowcaptionskip=\skip49
\jsc@tocl@width=\dimen157
\@lnumwidth=\dimen158
\bibindent=\dimen159
(/usr/local/texlive/2020/texmf-dist/tex/platex/jsclasses/jslogo.sty
Package: jslogo 2019/07/25 okumura, texjporg
LaTeX Info: Redefining \TeX on input line 82.
LaTeX Info: Redefining \LaTeX on input line 135.
LaTeX Info: Redefining \LaTeXe on input line 188.
)
\heisei=\count182
) (/usr/local/texlive/2020/texmf-dist/tex/latex/amsmath/amsmath.sty
Package: amsmath 2020/09/23 v2.17i AMS math features
\@mathmargin=\skip50

For additional information on amsmath, use the `?' option.
(/usr/local/texlive/2020/texmf-dist/tex/latex/amsmath/amstext.sty
Package: amstext 2000/06/29 v2.01 AMS text
 (/usr/local/texlive/2020/texmf-dist/tex/latex/amsmath/amsgen.sty
File: amsgen.sty 1999/11/30 v2.0 generic functions
\@emptytoks=\toks16
\ex@=\dimen160
)) (/usr/local/texlive/2020/texmf-dist/tex/latex/amsmath/amsbsy.sty
Package: amsbsy 1999/11/29 v1.2d Bold Symbols
\pmbraise@=\dimen161
) (/usr/local/texlive/2020/texmf-dist/tex/latex/amsmath/amsopn.sty
Package: amsopn 2016/03/08 v2.02 operator names
)
\inf@bad=\count183
LaTeX Info: Redefining \frac on input line 234.
\uproot@=\count184
\leftroot@=\count185
LaTeX Info: Redefining \overline on input line 399.
\classnum@=\count186
\DOTSCASE@=\count187
LaTeX Info: Redefining \ldots on input line 496.
LaTeX Info: Redefining \dots on input line 499.
LaTeX Info: Redefining \cdots on input line 620.
\Mathstrutbox@=\box65
\strutbox@=\box66
\big@size=\dimen162
LaTeX Font Info:    Redeclaring font encoding OML on input line 743.
LaTeX Font Info:    Redeclaring font encoding OMS on input line 744.
\macc@depth=\count188
\c@MaxMatrixCols=\count189
\dotsspace@=\muskip16
\c@parentequation=\count190
\dspbrk@lvl=\count191
\tag@help=\toks17
\row@=\count192
\column@=\count193
\maxfields@=\count194
\andhelp@=\toks18
\eqnshift@=\dimen163
\alignsep@=\dimen164
\tagshift@=\dimen165
\tagwidth@=\dimen166
\totwidth@=\dimen167
\lineht@=\dimen168
\@envbody=\toks19
\multlinegap=\skip51
\multlinetaggap=\skip52
\mathdisplay@stack=\toks20
LaTeX Info: Redefining \[ on input line 2923.
LaTeX Info: Redefining \] on input line 2924.
) (/usr/local/texlive/2020/texmf-dist/tex/latex/ascmac/ascmac.sty
Package: ascmac 2020/01/15 v2.1 ascmac wrapper (community edition) 
 (/usr/local/texlive/2020/texmf-dist/tex/latex/ascmac/tascmac.sty
Package: tascmac 2020/01/15 v2.1 ascmac package (community edition) 
\@savetbaselineshift=\dimen169
\@saveybaselineshift=\dimen170
\scb@x=\box67
\scscb@x=\box68
\@bw=\dimen171
\@nbox=\box69
\@nbody=\box70
\@scw=\dimen172
\ascmac@hoboxa=\box71
\ascmac@hoboxb=\box72
\@itemh=\dimen173
\@iboxpos=\toks21
\@iboxstr=\box73
\@bwsp=\box74
\@@bwsp=\box75
\@bcal=\count195
\shaderule=\dimen174
)) (/usr/local/texlive/2020/texmf-dist/tex/latex/l3backend/l3backend-dvips.def
File: l3backend-dvips.def 2020-09-24 L3 backend support: dvips
\l__pdf_internal_box=\box76
\g__pdf_backend_object_int=\count196
\l__pdf_backend_content_box=\box77
\l__pdf_backend_model_box=\box78
\g__pdf_backend_annotation_int=\count197
\g__pdf_backend_link_int=\count198
\g__pdf_backend_link_sf_int=\count199
) (./1_ans.aux)
\openout1 = `1_ans.aux'.

LaTeX Font Info:    Checking defaults for OML/cmm/m/it on input line 6.
LaTeX Font Info:    ... okay on input line 6.
LaTeX Font Info:    Checking defaults for OMS/cmsy/m/n on input line 6.
LaTeX Font Info:    ... okay on input line 6.
LaTeX Font Info:    Checking defaults for OT1/cmr/m/n on input line 6.
LaTeX Font Info:    ... okay on input line 6.
LaTeX Font Info:    Checking defaults for T1/cmr/m/n on input line 6.
LaTeX Font Info:    ... okay on input line 6.
LaTeX Font Info:    Checking defaults for TS1/cmr/m/n on input line 6.
LaTeX Font Info:    ... okay on input line 6.
LaTeX Font Info:    Checking defaults for OMX/cmex/m/n on input line 6.
LaTeX Font Info:    ... okay on input line 6.
LaTeX Font Info:    Checking defaults for U/cmr/m/n on input line 6.
LaTeX Font Info:    ... okay on input line 6.
LaTeX Font Info:    Checking defaults for JY2/mc/m/n on input line 6.
LaTeX Font Info:    ... okay on input line 6.
LaTeX Font Info:    Checking defaults for JT2/mc/m/n on input line 6.
LaTeX Font Info:    ... okay on input line 6.
LaTeX Font Info:    Font shape `JT2/mc/m/n' will be
(Font)              scaled to size 15.9785pt on input line 7.
LaTeX Font Info:    Font shape `JY2/mc/m/n' will be
(Font)              scaled to size 15.9785pt on input line 7.
LaTeX Font Info:    Font shape `JT2/mc/m/n' will be
(Font)              scaled to size 11.09619pt on input line 7.
LaTeX Font Info:    Font shape `JY2/mc/m/n' will be
(Font)              scaled to size 11.09619pt on input line 7.
LaTeX Font Info:    Font shape `JY2/mc/m/n' will be
(Font)              scaled to size 5.5481pt on input line 7.


LaTeX Warning: No \author given.

LaTeX Font Info:    Font shape `JY2/mc/m/n' will be
(Font)              scaled to size 6.47278pt on input line 16.
LaTeX Font Info:    Font shape `JY2/mc/m/n' will be
(Font)              scaled to size 4.62341pt on input line 16.
[1

] [2] (./1_ans.aux) ) 
Here is how much of TeX's memory you used:
 1350 strings out of 479950
 18518 string characters out of 5884201
 310348 words of memory out of 5000000
 18610 multiletter control sequences out of 15000+600000
 543670 words of font info for 74 fonts, out of 8000000 for 9000
 934 hyphenation exceptions out of 8191
 65i,9n,72p,221b,236s stack positions out of 5000i,500n,10000p,200000b,80000s

Output written on 1_ans.dvi (2 pages, 2872 bytes).
